<?xml version="1.0" encoding="UTF-8"?>
<testng-results skipped="0" failed="0" ignored="0" total="10" passed="10">
  <reporter-output>
  </reporter-output>
  <suite name="Suite" duration-ms="13329" started-at="2022-05-14T01:42:02 IST" finished-at="2022-05-14T01:42:16 IST">
    <groups>
    </groups>
    <test name="Test" duration-ms="13329" started-at="2022-05-14T01:42:02 IST" finished-at="2022-05-14T01:42:16 IST">
      <class name="org.testing.TestScripts.TC3_GetAllRequest">
        <test-method status="PASS" signature="testcase3()[pri:0, instance:org.testing.TestScripts.TC3_GetAllRequest@4923ab24]" name="testcase3" duration-ms="361" started-at="2022-05-14T01:42:07 IST" finished-at="2022-05-14T01:42:07 IST">
          <reporter-output>
          </reporter-output>
        </test-method> <!-- testcase3 -->
      </class> <!-- org.testing.TestScripts.TC3_GetAllRequest -->
      <class name="org.testing.TestScripts.TC4_PutRequest">
        <test-method status="PASS" signature="testcase4()[pri:0, instance:org.testing.TestScripts.TC4_PutRequest@44c8afef]" name="testcase4" duration-ms="77" started-at="2022-05-14T01:42:07 IST" finished-at="2022-05-14T01:42:07 IST">
          <reporter-output>
          </reporter-output>
        </test-method> <!-- testcase4 -->
      </class> <!-- org.testing.TestScripts.TC4_PutRequest -->
      <class name="org.testing.TestScripts.TC10_DeleteEmployeeRequest">
        <test-method status="PASS" signature="testcase10()[pri:0, instance:org.testing.TestScripts.TC10_DeleteEmployeeRequest@371a67ec]" name="testcase10" duration-ms="1587" started-at="2022-05-14T01:42:14 IST" finished-at="2022-05-14T01:42:16 IST">
          <reporter-output>
          </reporter-output>
        </test-method> <!-- testcase10 -->
      </class> <!-- org.testing.TestScripts.TC10_DeleteEmployeeRequest -->
      <class name="org.testing.TestScripts.TC8_GetAllEmployeeRequest">
        <test-method status="PASS" signature="testcase8()[pri:0, instance:org.testing.TestScripts.TC8_GetAllEmployeeRequest@13c27452]" name="testcase8" duration-ms="1846" started-at="2022-05-14T01:42:11 IST" finished-at="2022-05-14T01:42:13 IST">
          <reporter-output>
          </reporter-output>
        </test-method> <!-- testcase8 -->
      </class> <!-- org.testing.TestScripts.TC8_GetAllEmployeeRequest -->
      <class name="org.testing.TestScripts.TC7_GetEmployeeRequest">
        <test-method status="PASS" signature="testcase7()[pri:0, instance:org.testing.TestScripts.TC7_GetEmployeeRequest@12f41634]" name="testcase7" duration-ms="1696" started-at="2022-05-14T01:42:09 IST" finished-at="2022-05-14T01:42:11 IST">
          <reporter-output>
          </reporter-output>
        </test-method> <!-- testcase7 -->
      </class> <!-- org.testing.TestScripts.TC7_GetEmployeeRequest -->
      <class name="org.testing.TestScripts.TC9_PutEmployeeRequest">
        <test-method status="PASS" signature="testcase9()[pri:0, instance:org.testing.TestScripts.TC9_PutEmployeeRequest@262b2c86]" name="testcase9" duration-ms="1664" started-at="2022-05-14T01:42:13 IST" finished-at="2022-05-14T01:42:14 IST">
          <reporter-output>
          </reporter-output>
        </test-method> <!-- testcase9 -->
      </class> <!-- org.testing.TestScripts.TC9_PutEmployeeRequest -->
      <class name="org.testing.TestScripts.TC1_PostRequest">
        <test-method status="PASS" signature="testcase1()[pri:0, instance:org.testing.TestScripts.TC1_PostRequest@60285225]" name="testcase1" duration-ms="2800" started-at="2022-05-14T01:42:02 IST" finished-at="2022-05-14T01:42:05 IST">
          <reporter-output>
          </reporter-output>
        </test-method> <!-- testcase1 -->
      </class> <!-- org.testing.TestScripts.TC1_PostRequest -->
      <class name="org.testing.TestScripts.TC5_DeleteRequest">
        <test-method status="PASS" signature="testcase5()[pri:0, instance:org.testing.TestScripts.TC5_DeleteRequest@7b69c6ba]" name="testcase5" duration-ms="86" started-at="2022-05-14T01:42:07 IST" finished-at="2022-05-14T01:42:07 IST">
          <reporter-output>
          </reporter-output>
        </test-method> <!-- testcase5 -->
      </class> <!-- org.testing.TestScripts.TC5_DeleteRequest -->
      <class name="org.testing.TestScripts.TC2_GetRequest">
        <test-method status="PASS" signature="testcase2()[pri:0, instance:org.testing.TestScripts.TC2_GetRequest@670b40af]" name="testcase2" duration-ms="1196" started-at="2022-05-14T01:42:05 IST" finished-at="2022-05-14T01:42:07 IST">
          <reporter-output>
          </reporter-output>
        </test-method> <!-- testcase2 -->
      </class> <!-- org.testing.TestScripts.TC2_GetRequest -->
      <class name="org.testing.TestScripts.TC6_PostRequestEmployee">
        <test-method status="PASS" signature="testcase6()[pri:0, instance:org.testing.TestScripts.TC6_PostRequestEmployee@46daef40]" name="testcase6" duration-ms="1865" started-at="2022-05-14T01:42:07 IST" finished-at="2022-05-14T01:42:09 IST">
          <reporter-output>
          </reporter-output>
        </test-method> <!-- testcase6 -->
      </class> <!-- org.testing.TestScripts.TC6_PostRequestEmployee -->
    </test> <!-- Test -->
  </suite> <!-- Suite -->
</testng-results>
