<?xml version="1.0" encoding="UTF-8"?>
<!-- Generated by org.testng.reporters.JUnitXMLReporter -->
<testsuite hostname="user" ignored="0" name="Test" tests="10" failures="0" timestamp="2022-05-14T01:42:16 IST" time="13.329" errors="0">
  <testcase name="testcase1" time="2.8" classname="org.testing.TestScripts.TC1_PostRequest"/>
  <testcase name="testcase2" time="1.196" classname="org.testing.TestScripts.TC2_GetRequest"/>
  <testcase name="testcase3" time="0.361" classname="org.testing.TestScripts.TC3_GetAllRequest"/>
  <testcase name="testcase4" time="0.077" classname="org.testing.TestScripts.TC4_PutRequest"/>
  <testcase name="testcase5" time="0.086" classname="org.testing.TestScripts.TC5_DeleteRequest"/>
  <testcase name="testcase6" time="1.865" classname="org.testing.TestScripts.TC6_PostRequestEmployee"/>
  <testcase name="testcase7" time="1.696" classname="org.testing.TestScripts.TC7_GetEmployeeRequest"/>
  <testcase name="testcase8" time="1.846" classname="org.testing.TestScripts.TC8_GetAllEmployeeRequest"/>
  <testcase name="testcase9" time="1.664" classname="org.testing.TestScripts.TC9_PutEmployeeRequest"/>
  <testcase name="testcase10" time="1.587" classname="org.testing.TestScripts.TC10_DeleteEmployeeRequest"/>
</testsuite> <!-- Test -->
